2025-03-15 23:59:04 - INFO - ==========================================
2025-03-15 23:59:04 - INFO - 电脑使用时间监控程序启动
2025-03-15 23:59:04 - INFO - 日志级别: 正常模式
2025-03-15 23:59:04 - INFO - 日志文件: D:\工作文件\logs\usage_monitor_2025-03-15.log
2025-03-15 23:59:04 - INFO - ==========================================
2025-03-15 23:59:04 - INFO - 已加载配置文件: D:\工作文件\config.json
2025-03-15 23:59:58 - INFO - ==========================================
2025-03-15 23:59:58 - INFO - 电脑使用时间监控程序启动
2025-03-15 23:59:58 - INFO - 日志级别: 正常模式
2025-03-15 23:59:58 - INFO - 日志文件: d:\工作文件\logs\usage_monitor_2025-03-15.log
2025-03-15 23:59:58 - INFO - ==========================================
2025-03-15 23:59:58 - INFO - 已加载配置文件: d:\工作文件\config.json
2025-03-15 23:59:59 - INFO - 应用程序启动 [版本 1.1.0]
2025-03-15 23:59:59 - INFO - 操作系统: Windows 10.0.22631
2025-03-15 23:59:59 - INFO - Python版本: 3.10.11
2025-03-15 23:59:59 - INFO - 正在初始化系统组件...
2025-03-15 23:59:59 - INFO - 时间跟踪器初始化完成
2025-03-15 23:59:59 - INFO - 字体设置完成，支持中文显示
2025-03-15 23:59:59 - INFO - 可视化系统初始化，输出目录: d:\工作文件\reports
2025-03-15 23:59:59 - WARNING - 未找到图标文件，使用默认图标
2025-03-15 23:59:59 - INFO - UI界面元素创建完成
2025-03-15 23:59:59 - INFO - 设置下次报告生成时间: 2025-03-16 00:00:00
2025-03-15 23:59:59 - INFO - UI监视器窗口初始化完成
2025-03-15 23:59:59 - INFO - 系统初始化完成
2025-03-15 23:59:59 - INFO - 启动电脑使用时间监控服务
2025-03-15 23:59:59 - INFO - 时间跟踪已启动
2025-03-15 23:59:59 - INFO - UI监视器窗口启动
2025-03-16 00:00:00 - INFO - 自动触发报告生成时间到达
2025-03-16 00:00:00 - INFO - 通过UI界面请求生成报告
2025-03-16 00:00:00 - INFO - 开始生成综合使用统计HTML报告...
2025-03-16 00:00:00 - INFO - 正在生成每日报告...
2025-03-16 00:00:00 - INFO - 开始生成2025-03-16的每日使用报告...
2025-03-16 00:00:00 - INFO - 生成每日报告图表: d:\工作文件\reports\daily_report_2025-03-16.png
2025-03-16 00:00:00 - INFO - 正在生成周热力图...
2025-03-16 00:00:00 - INFO - 开始生成截至2025-03-16的周热力图...
2025-03-16 00:00:00 - INFO - 获取到7天的数据，从2025-03-10到2025-03-16
2025-03-16 00:00:00 - INFO - 生成周热力图: d:\工作文件\reports\weekly_heatmap_2025-03-10_to_2025-03-16.png
2025-03-16 00:00:00 - INFO - 正在生成月度摘要...
2025-03-16 00:00:00 - INFO - 开始生成过去30天的月度摘要...
2025-03-16 00:00:00 - INFO - 获取到1天的数据进行月度摘要
2025-03-16 00:00:00 - INFO - 生成月度摘要: d:\工作文件\reports\monthly_summary_2025-03-16.png
2025-03-16 00:00:00 - INFO - 所有图表生成完成，开始组装HTML报告...
2025-03-16 00:00:00 - INFO - 已生成使用报告: d:\工作文件\reports\usage_report_2025-03-16.html
2025-03-16 00:00:00 - INFO - 已生成报告: d:\工作文件\reports\usage_report_2025-03-16.html
2025-03-16 00:00:00 - INFO - 设置下次报告生成时间: 2025-03-16 01:00:00
2025-03-16 00:00:55 - INFO - 正在关闭电脑使用时间监控工具...
